11:10:55.851 [main] INFO  baseClass.BaseClass - User enter the check In Date
11:10:58.999 [main] INFO  baseClass.BaseClass - User click the checkout button
11:10:59.139 [main] INFO  baseClass.BaseClass - User enter the check out Date
11:10:59.249 [main] INFO  baseClass.BaseClass - User select the room button
11:10:59.399 [main] INFO  baseClass.BaseClass - User click the adult button
11:11:00.093 [main] INFO  baseClass.BaseClass - User Print the List Of Adults Number
12:07:21.361 [main] INFO  baseClass.BaseClass - User Navigation to the page............
12:07:21.434 [main] INFO  baseClass.BaseClass - User click the Cab Button On Home Page
12:07:21.640 [main] INFO  baseClass.BaseClass - User Click on th One Way Cab Button
12:07:21.838 [main] INFO  baseClass.BaseClass - Cab Page ---> From Button
12:07:21.930 [main] INFO  baseClass.BaseClass - Cab Page ---> From input
12:07:29.429 [main] INFO  baseClass.BaseClass - Cab Page ---> To Button
12:07:29.486 [main] INFO  baseClass.BaseClass - Cab Page ---> To input
12:07:34.711 [main] INFO  baseClass.BaseClass - Cab Page ---> User input the Date
12:07:34.884 [main] INFO  baseClass.BaseClass - Cab Page ---> User input the Hours
12:07:37.169 [main] INFO  baseClass.BaseClass - Cab Page ---> User input the Minutes
12:07:37.253 [main] INFO  baseClass.BaseClass - Cab Page ---> User input the Meridian
12:07:37.327 [main] INFO  baseClass.BaseClass - Cab Page ---> User click the apply button
12:07:37.393 [main] INFO  baseClass.BaseClass - Cab Page ---> User click the search Button
12:07:44.109 [main] INFO  baseClass.BaseClass - Cab Page ---> User Sort the Car
12:07:49.202 [main] INFO  baseClass.BaseClass - Cab Page ---> User click the Lowest to Highest Price
12:07:49.228 [main] INFO  baseClass.BaseClass - Cab Page ---> User click the Car SUV
12:07:49.345 [main] INFO  baseClass.BaseClass - Cab Page ---> User get the lowest price
12:07:49.363 [main] INFO  baseClass.BaseClass - Cab Page ---> User get the Price List
12:07:49.407 [main] INFO  baseClass.BaseClass - Cab Page ---> Lowest Price Printed
12:07:58.104 [main] INFO  baseClass.BaseClass - User Navigation to the page............
12:07:58.106 [main] INFO  baseClass.BaseClass - User click the Cab Button On Home Page
12:07:58.902 [main] INFO  baseClass.BaseClass - Cab Page ---> User click the search Button
12:08:05.821 [main] INFO  baseClass.BaseClass - Cab Page ---> User Click the More Options
12:08:05.887 [main] INFO  baseClass.BaseClass - Cab Page ---> User click the Gift In More Options
12:08:08.339 [main] INFO  baseClass.BaseClass - Gift Page ---> User click the Birthday Gift
12:08:08.602 [main] INFO  baseClass.BaseClass - Gift Page ---> User click the Email Button
12:08:09.109 [main] INFO  baseClass.BaseClass - User Enter the Recipients and Sender Name
12:08:09.620 [main] INFO  baseClass.BaseClass - User Enter the Recipients and Sender Mobile Number
12:08:09.806 [main] INFO  baseClass.BaseClass - User Enter the Recipients and Sender Mail ID
12:08:10.028 [main] INFO  baseClass.BaseClass - User Enter the compose Message
12:08:10.169 [main] INFO  baseClass.BaseClass - User click the buy Now Button After Enter all Details
12:08:32.825 [main] INFO  baseClass.BaseClass - User Navigation to the page............
12:08:32.858 [main] INFO  baseClass.BaseClass - User Click the Hotel Option in Home Page
12:08:33.550 [main] INFO  baseClass.BaseClass - User click the location button
12:08:33.965 [main] INFO  baseClass.BaseClass - User enter the location name
12:08:34.455 [main] INFO  baseClass.BaseClass - User click the Suggestion location
12:08:36.585 [main] INFO  baseClass.BaseClass - User click the checkIn button
12:08:36.684 [main] INFO  baseClass.BaseClass - User enter the check In Date
12:08:39.772 [main] INFO  baseClass.BaseClass - User click the checkout button
12:08:39.858 [main] INFO  baseClass.BaseClass - User enter the check out Date
12:08:39.917 [main] INFO  baseClass.BaseClass - User select the room button
12:08:40.004 [main] INFO  baseClass.BaseClass - User click the adult button
12:08:40.360 [main] INFO  baseClass.BaseClass - User Print the List Of Adults Number
13:38:13.015 [main] INFO  baseClass.BaseClass - User Navigation to the page............
13:38:13.072 [main] INFO  baseClass.BaseClass - User click the Cab Button On Home Page
13:38:13.256 [main] INFO  baseClass.BaseClass - User Click on th One Way Cab Button
13:38:13.694 [main] INFO  baseClass.BaseClass - Cab Page ---> From Button
13:38:13.869 [main] INFO  baseClass.BaseClass - Cab Page ---> From input
13:38:21.508 [main] INFO  baseClass.BaseClass - Cab Page ---> To Button
13:38:21.546 [main] INFO  baseClass.BaseClass - Cab Page ---> To input
13:38:26.751 [main] INFO  baseClass.BaseClass - Cab Page ---> User input the Date
13:38:26.925 [main] INFO  baseClass.BaseClass - Cab Page ---> User input the Hours
13:38:29.229 [main] INFO  baseClass.BaseClass - Cab Page ---> User input the Minutes
13:38:29.303 [main] INFO  baseClass.BaseClass - Cab Page ---> User input the Meridian
